
rm -f module_NoahMP_hrldas_driver.f
cpp -C -P -traditional -DMPP_LAND -I ../Data_Rec -DHYDRO_D -DWRF_HYDRO  -D_HRLDAS_OFFLINE_  module_NoahMP_hrldas_driver.F > module_NoahMP_hrldas_driver.f
mpif90 -o module_NoahMP_hrldas_driver.o -c -w -c -ftz -align all -fno-alias -fp-model precise -FR -convert big_endian  -I. \
	-I../Noah -I../Utility_routines -I /opt/apps/intel11_1/netcdf/3.6.3/include module_NoahMP_hrldas_driver.f
module_NoahMP_hrldas_driver.f(1342): error #6317: An ENDIF occurred without a corresponding IF THEN or ELSE statement.
  endif   
--^
compilation aborted for module_NoahMP_hrldas_driver.f (code 1)
make: [module_NoahMP_hrldas_driver.o] Error 1 (ignored)
rm -f module_NoahMP_hrldas_driver.f


rm -f main_hrldas_driver.f
cpp -C -P -traditional -DMPP_LAND -I ../Data_Rec -DHYDRO_D -DWRF_HYDRO  -D_HRLDAS_OFFLINE_  main_hrldas_driver.F > main_hrldas_driver.f
mpif90 -o main_hrldas_driver.o -c -w -c -ftz -align all -fno-alias -fp-model precise -FR -convert big_endian  -I. \
	-I../Noah -I../Utility_routines -I /opt/apps/intel11_1/netcdf/3.6.3/include main_hrldas_driver.f
main_hrldas_driver.f(11): error #7002: Error in opening the compiled module file.  Check INCLUDE paths.   [MODULE_NOAHMP_HRLDAS_DRIVER]
   use module_noahmp_hrldas_driver, only: land_driver_ini, land_driver_exe
-------^
main_hrldas_driver.f(17): error #6406: Conflicting attributes or multiple declaration of name.   [LAND_DRIVER_INI]
   call land_driver_ini(NTIME)
--------^
main_hrldas_driver.f(20): error #6406: Conflicting attributes or multiple declaration of name.   [LAND_DRIVER_EXE]
       call land_driver_exe(ITIME)
------------^
main_hrldas_driver.f(11): error #6580: Name in only-list does not exist.   [LAND_DRIVER_INI]
   use module_noahmp_hrldas_driver, only: land_driver_ini, land_driver_exe
------------------------------------------^
main_hrldas_driver.f(11): error #6580: Name in only-list does not exist.   [LAND_DRIVER_EXE]
   use module_noahmp_hrldas_driver, only: land_driver_ini, land_driver_exe
-----------------------------------------------------------^
compilation aborted for main_hrldas_driver.f (code 1)
make: [main_hrldas_driver.o] Error 1 (ignored)
rm -f main_hrldas_driver.f

